<?xml version="1.0" encoding="UTF-8"?>
<!-- Generated by org.testng.reporters.JUnitReportReporter -->
<testsuite hostname="Dell" name="TestRunner.testRunner" tests="1" failures="0" timestamp="13 Mar 2019 20:57:26 GMT" time="34.028" errors="0">
  <testcase name="feature" time="34.028" classname="TestRunner.testRunner"/>
</testsuite> <!-- TestRunner.testRunner -->
